Determining if the pthread_create exist failed with the following output:
Change Dir: /home/cor/student_ws/rug_simulated_user/build/CMakeFiles/CMakeTmp

Run Build Command:"/usr/bin/make" "cmTC_43340/fast"
make[1]: Entering directory '/home/cor/student_ws/rug_simulated_user/build/CMakeFiles/CMakeTmp'
/usr/bin/make -f CMakeFiles/cmTC_43340.dir/build.make CMakeFiles/cmTC_43340.dir/build
make[2]: Entering directory '/home/cor/student_ws/rug_simulated_user/build/CMakeFiles/CMakeTmp'
Building C object CMakeFiles/cmTC_43340.dir/CheckSymbolExists.c.o
/usr/bin/cc    -o CMakeFiles/cmTC_43340.dir/CheckSymbolExists.c.o   -c /home/cor/student_ws/rug_simulated_user/build/CMakeFiles/CMakeTmp/CheckSymbolExists.c
Linking C executable cmTC_43340
/usr/bin/cmake -E cmake_link_script CMakeFiles/cmTC_43340.dir/link.txt --verbose=1
/usr/bin/cc      -rdynamic CMakeFiles/cmTC_43340.dir/CheckSymbolExists.c.o  -o cmTC_43340 
CMakeFiles/cmTC_43340.dir/CheckSymbolExists.c.o: In function `main':
CheckSymbolExists.c:(.text+0x1b): undefined reference to `pthread_create'
collect2: error: ld returned 1 exit status
CMakeFiles/cmTC_43340.dir/build.make:97: recipe for target 'cmTC_43340' failed
make[2]: *** [cmTC_43340] Error 1
make[2]: Leaving directory '/home/cor/student_ws/rug_simulated_user/build/CMakeFiles/CMakeTmp'
Makefile:126: recipe for target 'cmTC_43340/fast' failed
make[1]: *** [cmTC_43340/fast] Error 2
make[1]: Leaving directory '/home/cor/student_ws/rug_simulated_user/build/CMakeFiles/CMakeTmp'

File /home/cor/student_ws/rug_simulated_user/build/CMakeFiles/CMakeTmp/CheckSymbolExists.c:
/* */
#include <pthread.h>

int main(int argc, char** argv)
{
  (void)argv;
#ifndef pthread_create
  return ((int*)(&pthread_create))[argc];
#else
  (void)argc;
  return 0;
#endif
}

Determining if the function pthread_create exists in the pthreads failed with the following output:
Change Dir: /home/cor/student_ws/rug_simulated_user/build/CMakeFiles/CMakeTmp

Run Build Command:"/usr/bin/make" "cmTC_55e34/fast"
make[1]: Entering directory '/home/cor/student_ws/rug_simulated_user/build/CMakeFiles/CMakeTmp'
/usr/bin/make -f CMakeFiles/cmTC_55e34.dir/build.make CMakeFiles/cmTC_55e34.dir/build
make[2]: Entering directory '/home/cor/student_ws/rug_simulated_user/build/CMakeFiles/CMakeTmp'
Building C object CMakeFiles/cmTC_55e34.dir/CheckFunctionExists.c.o
/usr/bin/cc   -DCHECK_FUNCTION_EXISTS=pthread_create   -o CMakeFiles/cmTC_55e34.dir/CheckFunctionExists.c.o   -c /usr/share/cmake-3.10/Modules/CheckFunctionExists.c
Linking C executable cmTC_55e34
/usr/bin/cmake -E cmake_link_script CMakeFiles/cmTC_55e34.dir/link.txt --verbose=1
/usr/bin/cc  -DCHECK_FUNCTION_EXISTS=pthread_create    -rdynamic CMakeFiles/cmTC_55e34.dir/CheckFunctionExists.c.o  -o cmTC_55e34 -lpthreads 
/usr/bin/ld: cannot find -lpthreads
collect2: error: ld returned 1 exit status
CMakeFiles/cmTC_55e34.dir/build.make:97: recipe for target 'cmTC_55e34' failed
make[2]: *** [cmTC_55e34] Error 1
make[2]: Leaving directory '/home/cor/student_ws/rug_simulated_user/build/CMakeFiles/CMakeTmp'
Makefile:126: recipe for target 'cmTC_55e34/fast' failed
make[1]: *** [cmTC_55e34/fast] Error 2
make[1]: Leaving directory '/home/cor/student_ws/rug_simulated_user/build/CMakeFiles/CMakeTmp'


